2020-09-25 17:33:56.294  INFO [mg-node-article,,,] 12808 --- [main] trationDelegate$BeanPostProcessorChecker : Bean 'org.springframework.cloud.autoconfigure.ConfigurationPropertiesRebinderAutoConfiguration' of type [org.springframework.cloud.autoconfigure.ConfigurationPropertiesRebinderAutoConfiguration$$EnhancerBySpringCGLIB$$275ea081] is not eligible for getting processed by all BeanPostProcessors (for example: not eligible for auto-proxying)
2020-09-25 17:33:57.028  INFO [mg-node-article,,,] 12808 --- [main] c.a.n.c.c.impl.LocalConfigInfoProcessor  : LOCAL_SNAPSHOT_PATH:C:\Users\Administrator\nacos\config
2020-09-25 17:33:57.119  INFO [mg-node-article,,,] 12808 --- [main] c.a.nacos.client.config.impl.Limiter     : limitTime:5.0
2020-09-25 17:33:59.293 ERROR [mg-node-article,,,] 12808 --- [main] c.a.n.c.config.http.ServerHttpAgent      : [NACOS ConnectException httpGet] currentServerAddr:http://localhost:8848, err : Connection refused: connect
2020-09-25 17:34:01.294 ERROR [mg-node-article,,,] 12808 --- [main] c.a.n.c.config.http.ServerHttpAgent      : [NACOS SocketTimeoutException httpGet] currentServerAddr:http://localhost:8848£¬ err : connect timed out
2020-09-25 17:34:01.295 ERROR [mg-node-article,,,] 12808 --- [main] c.a.n.c.config.http.ServerHttpAgent      : no available server
2020-09-25 17:34:01.299 ERROR [mg-node-article,,,] 12808 --- [main] c.a.n.client.config.impl.ClientWorker    : [fixed-localhost_8848] [sub-server] get server config exception, dataId=mg-node-article, group=DEFAULT_GROUP, tenant=

java.net.ConnectException: no available server
	at com.alibaba.nacos.client.config.http.ServerHttpAgent.httpGet(ServerHttpAgent.java:123) ~[nacos-client-1.2.1.jar!/:na]
	at com.alibaba.nacos.client.config.http.MetricsHttpAgent.httpGet(MetricsHttpAgent.java:48) ~[nacos-client-1.2.1.jar!/:na]
	at com.alibaba.nacos.client.config.impl.ClientWorker.getServerConfig(ClientWorker.java:230) ~[nacos-client-1.2.1.jar!/:na]
	at com.alibaba.nacos.client.config.NacosConfigService.getConfigInner(NacosConfigService.java:143) [nacos-client-1.2.1.jar!/:na]
	at com.alibaba.nacos.client.config.NacosConfigService.getConfig(NacosConfigService.java:92) [nacos-client-1.2.1.jar!/:na]
	at com.alibaba.cloud.nacos.client.NacosPropertySourceBuilder.loadNacosData(NacosPropertySourceBuilder.java:85) [spring-cloud-starter-alibaba-nacos-config-2.1.2.RELEASE.jar!/:2.1.2.RELEASE]
	at com.alibaba.cloud.nacos.client.NacosPropertySourceBuilder.build(NacosPropertySourceBuilder.java:74) [spring-cloud-starter-alibaba-nacos-config-2.1.2.RELEASE.jar!/:2.1.2.RELEASE]
	at com.alibaba.cloud.nacos.client.NacosPropertySourceLocator.loadNacosPropertySource(NacosPropertySourceLocator.java:204) [spring-cloud-starter-alibaba-nacos-config-2.1.2.RELEASE.jar!/:2.1.2.RELEASE]
	at com.alibaba.cloud.nacos.client.NacosPropertySourceLocator.loadNacosDataIfPresent(NacosPropertySourceLocator.java:191) [spring-cloud-starter-alibaba-nacos-config-2.1.2.RELEASE.jar!/:2.1.2.RELEASE]
	at com.alibaba.cloud.nacos.client.NacosPropertySourceLocator.loadApplicationConfiguration(NacosPropertySourceLocator.java:142) [spring-cloud-starter-alibaba-nacos-config-2.1.2.RELEASE.jar!/:2.1.2.RELEASE]
	at com.alibaba.cloud.nacos.client.NacosPropertySourceLocator.locate(NacosPropertySourceLocator.java:103) [spring-cloud-starter-alibaba-nacos-config-2.1.2.RELEASE.jar!/:2.1.2.RELEASE]
	at org.springframework.cloud.bootstrap.config.PropertySourceBootstrapConfiguration.initialize(PropertySourceBootstrapConfiguration.java:97) [spring-cloud-context-2.1.1.RELEASE.jar!/:2.1.1.RELEASE]
	at org.springframework.boot.SpringApplication.applyInitializers(SpringApplication.java:621) [spring-boot-2.1.6.RELEASE.jar!/:2.1.6.RELEASE]
	at org.springframework.boot.SpringApplication.prepareContext(SpringApplication.java:365) [spring-boot-2.1.6.RELEASE.jar!/:2.1.6.RELEASE]
	at org.springframework.boot.SpringApplication.run(SpringApplication.java:310) [spring-boot-2.1.6.RELEASE.jar!/:2.1.6.RELEASE]
	at org.springframework.boot.SpringApplication.run(SpringApplication.java:1213) [spring-boot-2.1.6.RELEASE.jar!/:2.1.6.RELEASE]
	at org.springframework.boot.SpringApplication.run(SpringApplication.java:1202) [spring-boot-2.1.6.RELEASE.jar!/:2.1.6.RELEASE]
	at com.mg.node.ArticleApplication.main(ArticleApplication.java:17) [classes!/:1.0]
	at sun.reflect.NativeMethodAccessorImpl.invoke0(Native Method) ~[na:1.8.0_60]
	at sun.reflect.NativeMethodAccessorImpl.invoke(NativeMethodAccessorImpl.java:62) ~[na:1.8.0_60]
	at sun.reflect.DelegatingMethodAccessorImpl.invoke(DelegatingMethodAccessorImpl.java:43) ~[na:1.8.0_60]
	at java.lang.reflect.Method.invoke(Method.java:497) ~[na:1.8.0_60]
	at org.springframework.boot.loader.MainMethodRunner.run(MainMethodRunner.java:47) [mg-node-article-1.0.jar:1.0]
	at org.springframework.boot.loader.Launcher.launch(Launcher.java:86) [mg-node-article-1.0.jar:1.0]
	at org.springframework.boot.loader.Launcher.launch(Launcher.java:50) [mg-node-article-1.0.jar:1.0]
	at org.springframework.boot.loader.JarLauncher.main(JarLauncher.java:51) [mg-node-article-1.0.jar:1.0]

2020-09-25 17:34:01.303  WARN [mg-node-article,,,] 12808 --- [main] c.a.n.client.config.NacosConfigService   : [fixed-localhost_8848] [get-config] get from server error, dataId=mg-node-article, group=DEFAULT_GROUP, tenant=, msg=ErrCode:500, ErrMsg:no available server
2020-09-25 17:34:01.304  WARN [mg-node-article,,,] 12808 --- [main] c.a.n.client.config.NacosConfigService   : [fixed-localhost_8848] [get-config] get snapshot ok, dataId=mg-node-article, group=DEFAULT_GROUP, tenant=, config=
2020-09-25 17:34:01.305  WARN [mg-node-article,,,] 12808 --- [main] c.a.c.n.c.NacosPropertySourceBuilder     : Ignore the empty nacos configuration and get it based on dataId[mg-node-article] & group[DEFAULT_GROUP]
2020-09-25 17:34:03.321 ERROR [mg-node-article,,,] 12808 --- [main] c.a.n.c.config.http.ServerHttpAgent      : [NACOS ConnectException httpGet] currentServerAddr:http://localhost:8848, err : Connection refused: connect
2020-09-25 17:34:05.331 ERROR [mg-node-article,,,] 12808 --- [main] c.a.n.c.config.http.ServerHttpAgent      : [NACOS ConnectException httpGet] currentServerAddr:http://localhost:8848, err : Connection refused: connect
2020-09-25 17:34:05.332 ERROR [mg-node-article,,,] 12808 --- [main] c.a.n.c.config.http.ServerHttpAgent      : no available server
2020-09-25 17:34:05.333 ERROR [mg-node-article,,,] 12808 --- [main] c.a.n.client.config.impl.ClientWorker    : [fixed-localhost_8848] [sub-server] get server config exception, dataId=mg-node-article.properties, group=DEFAULT_GROUP, tenant=

java.net.ConnectException: no available server
	at com.alibaba.nacos.client.config.http.ServerHttpAgent.httpGet(ServerHttpAgent.java:123) ~[nacos-client-1.2.1.jar!/:na]
	at com.alibaba.nacos.client.config.http.MetricsHttpAgent.httpGet(MetricsHttpAgent.java:48) ~[nacos-client-1.2.1.jar!/:na]
	at com.alibaba.nacos.client.config.impl.ClientWorker.getServerConfig(ClientWorker.java:230) ~[nacos-client-1.2.1.jar!/:na]
	at com.alibaba.nacos.client.config.NacosConfigService.getConfigInner(NacosConfigService.java:143) [nacos-client-1.2.1.jar!/:na]
	at com.alibaba.nacos.client.config.NacosConfigService.getConfig(NacosConfigService.java:92) [nacos-client-1.2.1.jar!/:na]
	at com.alibaba.cloud.nacos.client.NacosPropertySourceBuilder.loadNacosData(NacosPropertySourceBuilder.java:85) [spring-cloud-starter-alibaba-nacos-config-2.1.2.RELEASE.jar!/:2.1.2.RELEASE]
	at com.alibaba.cloud.nacos.client.NacosPropertySourceBuilder.build(NacosPropertySourceBuilder.java:74) [spring-cloud-starter-alibaba-nacos-config-2.1.2.RELEASE.jar!/:2.1.2.RELEASE]
	at com.alibaba.cloud.nacos.client.NacosPropertySourceLocator.loadNacosPropertySource(NacosPropertySourceLocator.java:204) [spring-cloud-starter-alibaba-nacos-config-2.1.2.RELEASE.jar!/:2.1.2.RELEASE]
	at com.alibaba.cloud.nacos.client.NacosPropertySourceLocator.loadNacosDataIfPresent(NacosPropertySourceLocator.java:191) [spring-cloud-starter-alibaba-nacos-config-2.1.2.RELEASE.jar!/:2.1.2.RELEASE]
	at com.alibaba.cloud.nacos.client.NacosPropertySourceLocator.loadApplicationConfiguration(NacosPropertySourceLocator.java:145) [spring-cloud-starter-alibaba-nacos-config-2.1.2.RELEASE.jar!/:2.1.2.RELEASE]
	at com.alibaba.cloud.nacos.client.NacosPropertySourceLocator.locate(NacosPropertySourceLocator.java:103) [spring-cloud-starter-alibaba-nacos-config-2.1.2.RELEASE.jar!/:2.1.2.RELEASE]
	at org.springframework.cloud.bootstrap.config.PropertySourceBootstrapConfiguration.initialize(PropertySourceBootstrapConfiguration.java:97) [spring-cloud-context-2.1.1.RELEASE.jar!/:2.1.1.RELEASE]
	at org.springframework.boot.SpringApplication.applyInitializers(SpringApplication.java:621) [spring-boot-2.1.6.RELEASE.jar!/:2.1.6.RELEASE]
	at org.springframework.boot.SpringApplication.prepareContext(SpringApplication.java:365) [spring-boot-2.1.6.RELEASE.jar!/:2.1.6.RELEASE]
	at org.springframework.boot.SpringApplication.run(SpringApplication.java:310) [spring-boot-2.1.6.RELEASE.jar!/:2.1.6.RELEASE]
	at org.springframework.boot.SpringApplication.run(SpringApplication.java:1213) [spring-boot-2.1.6.RELEASE.jar!/:2.1.6.RELEASE]
	at org.springframework.boot.SpringApplication.run(SpringApplication.java:1202) [spring-boot-2.1.6.RELEASE.jar!/:2.1.6.RELEASE]
	at com.mg.node.ArticleApplication.main(ArticleApplication.java:17) [classes!/:1.0]
	at sun.reflect.NativeMethodAccessorImpl.invoke0(Native Method) ~[na:1.8.0_60]
	at sun.reflect.NativeMethodAccessorImpl.invoke(NativeMethodAccessorImpl.java:62) ~[na:1.8.0_60]
	at sun.reflect.DelegatingMethodAccessorImpl.invoke(DelegatingMethodAccessorImpl.java:43) ~[na:1.8.0_60]
	at java.lang.reflect.Method.invoke(Method.java:497) ~[na:1.8.0_60]
	at org.springframework.boot.loader.MainMethodRunner.run(MainMethodRunner.java:47) [mg-node-article-1.0.jar:1.0]
	at org.springframework.boot.loader.Launcher.launch(Launcher.java:86) [mg-node-article-1.0.jar:1.0]
	at org.springframework.boot.loader.Launcher.launch(Launcher.java:50) [mg-node-article-1.0.jar:1.0]
	at org.springframework.boot.loader.JarLauncher.main(JarLauncher.java:51) [mg-node-article-1.0.jar:1.0]

2020-09-25 17:34:05.343  WARN [mg-node-article,,,] 12808 --- [main] c.a.n.client.config.NacosConfigService   : [fixed-localhost_8848] [get-config] get from server error, dataId=mg-node-article.properties, group=DEFAULT_GROUP, tenant=, msg=ErrCode:500, ErrMsg:no available server
2020-09-25 17:34:05.347  WARN [mg-node-article,,,] 12808 --- [main] c.a.n.client.config.NacosConfigService   : [fixed-localhost_8848] [get-config] get snapshot ok, dataId=mg-node-article.properties, group=DEFAULT_GROUP, tenant=, config=
2020-09-25 17:34:05.365  WARN [mg-node-article,,,] 12808 --- [main] c.a.c.n.c.NacosPropertySourceBuilder     : Ignore the empty nacos configuration and get it based on dataId[mg-node-article.properties] & group[DEFAULT_GROUP]
2020-09-25 17:34:05.374  INFO [mg-node-article,,,] 12808 --- [main] b.c.PropertySourceBootstrapConfiguration : Located property source: CompositePropertySource {name='NACOS', propertySources=[NacosPropertySource {name='mg-node-article.properties,DEFAULT_GROUP'}, NacosPropertySource {name='mg-node-article,DEFAULT_GROUP'}]}
2020-09-25 17:34:05.413  INFO [mg-node-article,,,] 12808 --- [main] c.c.c.ConfigServicePropertySourceLocator : Fetching config from server at : http://localhost:8888
2020-09-25 17:34:06.575  INFO [mg-node-article,,,] 12808 --- [main] c.c.c.ConfigServicePropertySourceLocator : Connect Timeout Exception on Url - http://localhost:8888. Will be trying the next url if available
2020-09-25 17:34:06.576  WARN [mg-node-article,,,] 12808 --- [main] c.c.c.ConfigServicePropertySourceLocator : Could not locate PropertySource: I/O error on GET request for "http://localhost:8888/mg-node-article/default": Connection refused: connect; nested exception is java.net.ConnectException: Connection refused: connect
2020-09-25 17:34:06.631  INFO [mg-node-article,,,] 12808 --- [main] com.mg.node.ArticleApplication           : No active profile set, falling back to default profiles: default
2020-09-25 17:34:08.034  WARN [mg-node-article,,,] 12808 --- [main] o.s.boot.actuate.endpoint.EndpointId     : Endpoint ID 'nacos-config' contains invalid characters, please migrate to a valid format.
2020-09-25 17:34:08.039  WARN [mg-node-article,,,] 12808 --- [main] o.s.boot.actuate.endpoint.EndpointId     : Endpoint ID 'nacos-discovery' contains invalid characters, please migrate to a valid format.
2020-09-25 17:34:08.119  WARN [mg-node-article,,,] 12808 --- [main] o.m.s.mapper.ClassPathMapperScanner      : No MyBatis mapper was found in '[com.mg.node]' package. Please check your configuration.
