2020-05-18 11:00:33.232  INFO [shineon.api.uauth,,,] 14380 --- [main] c.mg.website.uauth.pojo.dto.UserDtoTest  : No active profile set, falling back to default profiles: default
2020-05-18 11:00:35.961  INFO [shineon.api.uauth,,,] 14380 --- [main] .s.d.r.c.RepositoryConfigurationDelegate : Multiple Spring Data modules found, entering strict repository configuration mode!
2020-05-18 11:00:35.965  INFO [shineon.api.uauth,,,] 14380 --- [main] .s.d.r.c.RepositoryConfigurationDelegate : Bootstrapping Spring Data repositories in DEFAULT mode.
2020-05-18 11:00:35.991  INFO [shineon.api.uauth,,,] 14380 --- [main] .s.d.r.c.RepositoryConfigurationDelegate : Finished Spring Data repository scanning in 9ms. Found 0 repository interfaces.
2020-05-18 11:00:36.081  WARN [shineon.api.uauth,,,] 14380 --- [main] o.s.boot.actuate.endpoint.EndpointId     : Endpoint ID 'service-registry' contains invalid characters, please migrate to a valid format.
2020-05-18 11:00:36.520  INFO [shineon.api.uauth,,,] 14380 --- [main] o.s.cloud.context.scope.GenericScope     : BeanFactory id=dc7cb7ed-0bad-351e-b6c2-08b98adcf91b
2020-05-18 11:00:36.585  INFO [shineon.api.uauth,,,] 14380 --- [main] faultConfiguringBeanFactoryPostProcessor : No bean named 'errorChannel' has been explicitly defined. Therefore, a default PublishSubscribeChannel will be created.
2020-05-18 11:00:36.595  INFO [shineon.api.uauth,,,] 14380 --- [main] faultConfiguringBeanFactoryPostProcessor : No bean named 'taskScheduler' has been explicitly defined. Therefore, a default ThreadPoolTaskScheduler will be created.
2020-05-18 11:00:36.604  INFO [shineon.api.uauth,,,] 14380 --- [main] faultConfiguringBeanFactoryPostProcessor : No bean named 'integrationHeaderChannelRegistry' has been explicitly defined. Therefore, a default DefaultHeaderChannelRegistry will be created.
2020-05-18 11:00:37.010  INFO [shineon.api.uauth,,,] 14380 --- [main] trationDelegate$BeanPostProcessorChecker : Bean 'org.springframework.integration.config.IntegrationManagementConfiguration' of type [org.springframework.integration.config.IntegrationManagementConfiguration$$EnhancerBySpringCGLIB$$472eb2a9] is not eligible for getting processed by all BeanPostProcessors (for example: not eligible for auto-proxying)
2020-05-18 11:00:37.050  INFO [shineon.api.uauth,,,] 14380 --- [main] trationDelegate$BeanPostProcessorChecker : Bean 'integrationDisposableAutoCreatedBeans' of type [org.springframework.integration.config.annotation.Disposables] is not eligible for getting processed by all BeanPostProcessors (for example: not eligible for auto-proxying)
2020-05-18 11:00:37.099  INFO [shineon.api.uauth,,,] 14380 --- [main] trationDelegate$BeanPostProcessorChecker : Bean 'org.springframework.cloud.autoconfigure.ConfigurationPropertiesRebinderAutoConfiguration' of type [org.springframework.cloud.autoconfigure.ConfigurationPropertiesRebinderAutoConfiguration$$EnhancerBySpringCGLIB$$f856fa77] is not eligible for getting processed by all BeanPostProcessors (for example: not eligible for auto-proxying)
2020-05-18 11:00:37.196  INFO [shineon.api.uauth,,,] 14380 --- [main] org.dozer.config.GlobalSettings          : Trying to find Dozer configuration file: dozer.properties
2020-05-18 11:00:37.203  WARN [shineon.api.uauth,,,] 14380 --- [main] org.dozer.config.GlobalSettings          : Dozer configuration file not found: dozer.properties.  Using defaults for all Dozer global properties.
2020-05-18 11:00:37.205  INFO [shineon.api.uauth,,,] 14380 --- [main] org.dozer.DozerInitializer               : Initializing Dozer. Version: 5.5.0, Thread Name: main
2020-05-18 11:00:37.206  INFO [shineon.api.uauth,,,] 14380 --- [main] org.dozer.jmx.JMXPlatformImpl            : Dozer JMX MBean [org.dozer.jmx:type=DozerStatisticsController] auto registered with the Platform MBean Server
2020-05-18 11:00:37.207  INFO [shineon.api.uauth,,,] 14380 --- [main] org.dozer.jmx.JMXPlatformImpl            : Dozer JMX MBean [org.dozer.jmx:type=DozerAdminController] auto registered with the Platform MBean Server
2020-05-18 11:00:37.207  INFO [shineon.api.uauth,,,] 14380 --- [main] org.dozer.DozerBeanMapper                : Initializing a new instance of dozer bean mapper.
2020-05-18 11:00:37.653  WARN [shineon.api.uauth,,,] 14380 --- [main] c.n.c.sources.URLConfigurationSource     : No URLs will be polled as dynamic configuration sources.
2020-05-18 11:00:37.654  INFO [shineon.api.uauth,,,] 14380 --- [main] c.n.c.sources.URLConfigurationSource     : To enable URLs as dynamic configuration sources, define System property archaius.configurationSource.additionalUrls or make config.properties available on classpath.
2020-05-18 11:00:37.660  WARN [shineon.api.uauth,,,] 14380 --- [main] c.n.c.sources.URLConfigurationSource     : No URLs will be polled as dynamic configuration sources.
2020-05-18 11:00:37.660  INFO [shineon.api.uauth,,,] 14380 --- [main] c.n.c.sources.URLConfigurationSource     : To enable URLs as dynamic configuration sources, define System property archaius.configurationSource.additionalUrls or make config.properties available on classpath.
2020-05-18 11:00:39.040  INFO [shineon.api.uauth,,,] 14380 --- [main] o.s.s.concurrent.ThreadPoolTaskExecutor  : Initializing ExecutorService 'applicationTaskExecutor'
2020-05-18 11:00:42.070  INFO [shineon.api.uauth,,,] 14380 --- [main] io.lettuce.core.EpollProvider            : Starting without optional epoll library
2020-05-18 11:00:42.072  INFO [shineon.api.uauth,,,] 14380 --- [main] io.lettuce.core.KqueueProvider           : Starting without optional kqueue library
2020-05-18 11:00:44.027  INFO [shineon.api.uauth,,,] 14380 --- [main] o.s.b.a.e.web.EndpointLinksResolver      : Exposing 2 endpoint(s) beneath base path '/actuator'
2020-05-18 11:00:44.243  INFO [shineon.api.uauth,,,] 14380 --- [main] o.s.s.c.ThreadPoolTaskScheduler          : Initializing ExecutorService 'taskScheduler'
2020-05-18 11:00:44.444  INFO [shineon.api.uauth,,,] 14380 --- [main] o.s.i.endpoint.EventDrivenConsumer       : Adding {logging-channel-adapter:_org.springframework.integration.errorLogger} as a subscriber to the 'errorChannel' channel
2020-05-18 11:00:44.444  INFO [shineon.api.uauth,,,] 14380 --- [main] o.s.i.channel.PublishSubscribeChannel    : Channel 'application-1.errorChannel' has 1 subscriber(s).
2020-05-18 11:00:44.444  INFO [shineon.api.uauth,,,] 14380 --- [main] o.s.i.endpoint.EventDrivenConsumer       : started _org.springframework.integration.errorLogger
2020-05-18 11:00:45.077  INFO [shineon.api.uauth,,,] 14380 --- [main] c.mg.website.uauth.pojo.dto.UserDtoTest  : Started UserDtoTest in 12.97 seconds (JVM running for 14.406)
2020-05-18 11:00:45.488  INFO [shineon.api.uauth,,,] 14380 --- [Thread-9] o.s.c.n.eureka.InstanceInfoFactory       : Setting initial instance status as: STARTING
2020-05-18 11:00:45.495  INFO [shineon.api.uauth,,,] 14380 --- [Thread-9] o.s.c.n.e.s.EurekaServiceRegistry        : Unregistering application SHINEON.API.UAUTH with eureka with status DOWN
2020-05-18 11:00:45.522  INFO [shineon.api.uauth,,,] 14380 --- [Thread-9] o.s.i.endpoint.EventDrivenConsumer       : Removing {logging-channel-adapter:_org.springframework.integration.errorLogger} as a subscriber to the 'errorChannel' channel
2020-05-18 11:00:45.522  INFO [shineon.api.uauth,,,] 14380 --- [Thread-9] o.s.i.channel.PublishSubscribeChannel    : Channel 'application-1.errorChannel' has 0 subscriber(s).
2020-05-18 11:00:45.522  INFO [shineon.api.uauth,,,] 14380 --- [Thread-9] o.s.i.endpoint.EventDrivenConsumer       : stopped _org.springframework.integration.errorLogger
2020-05-18 11:00:45.523  INFO [shineon.api.uauth,,,] 14380 --- [Thread-9] o.s.s.c.ThreadPoolTaskScheduler          : Shutting down ExecutorService 'taskScheduler'
2020-05-18 11:00:46.641  INFO [shineon.api.uauth,,,] 14380 --- [Thread-9] o.s.s.concurrent.ThreadPoolTaskExecutor  : Shutting down ExecutorService 'applicationTaskExecutor'
